  [1m[36mSQL (13.9ms)[0m  [1mSHOW TABLES[0m
  [1m[35mSQL (1.5ms)[0m  SHOW TABLES
  [1m[36mSQL (10.6ms)[0m  [1mSELECT `schema_migrations`.`version` FROM `schema_migrations`[0m
  [1m[36mSQL (0.6ms)[0m  [1mSHOW TABLES[0m
  [1m[35mSQL (0.3ms)[0m  SHOW TABLES
  [1m[36mSQL (0.3ms)[0m  [1mSELECT `schema_migrations`.`version` FROM `schema_migrations`[0m
Migrating to CreatePosts (20110411043941)
  [1m[35mSQL (1.1ms)[0m  CREATE TABLE `posts` (`id` int(11) DEFAULT NULL auto_increment PRIMARY KEY, `name` varchar(255), `title` varchar(255), `content` text, `created_at` datetime, `updated_at` datetime) ENGINE=InnoDB
Mysql2::Error: Table 'posts' already exists: CREATE TABLE `posts` (`id` int(11) DEFAULT NULL auto_increment PRIMARY KEY, `name` varchar(255), `title` varchar(255), `content` text, `created_at` datetime, `updated_at` datetime) ENGINE=InnoDB
  [1m[36mSQL (0.8ms)[0m  [1mSHOW TABLES[0m
  [1m[35mSQL (17.5ms)[0m  CREATE TABLE `schema_migrations` (`version` varchar(255) NOT NULL) ENGINE=InnoDB
  [1m[36mSQL (1.2ms)[0m  [1mSHOW KEYS FROM `schema_migrations`[0m
  [1m[35mSQL (13.3ms)[0m  CREATE UNIQUE INDEX `unique_schema_migrations` ON `schema_migrations` (`version`)
  [1m[36mSQL (0.7ms)[0m  [1mSHOW TABLES[0m
  [1m[35mSQL (0.4ms)[0m  SHOW TABLES
  [1m[36mSQL (0.2ms)[0m  [1mSELECT `schema_migrations`.`version` FROM `schema_migrations`[0m
Migrating to CreatePosts (20110411043941)
  [1m[35mSQL (10.5ms)[0m  CREATE TABLE `posts` (`id` int(11) DEFAULT NULL auto_increment PRIMARY KEY, `name` varchar(255), `title` varchar(255), `content` text, `created_at` datetime, `updated_at` datetime) ENGINE=InnoDB
  [1m[36mSQL (0.6ms)[0m  [1mINSERT INTO `schema_migrations` (`version`) VALUES ('20110411043941')[0m
  [1m[35mSQL (2.7ms)[0m  SHOW TABLES
  [1m[36mSQL (0.3ms)[0m  [1mSELECT `schema_migrations`.`version` FROM `schema_migrations`[0m
  [1m[35mSQL (0.5ms)[0m  SHOW TABLES
  [1m[36mSQL (1.0ms)[0m  [1mdescribe `posts`[0m
  [1m[35mSQL (0.9ms)[0m  SHOW KEYS FROM `posts`
  [1m[36mSQL (0.4ms)[0m  [1mSHOW TABLES[0m
  [1m[35mSQL (0.3ms)[0m  SHOW TABLES
  [1m[36mSQL (0.3ms)[0m  [1mSELECT `schema_migrations`.`version` FROM `schema_migrations`[0m
  [1m[35mSQL (0.7ms)[0m  DROP DATABASE IF EXISTS `sample_app_test`
  [1m[36mSQL (0.4ms)[0m  [1mCREATE DATABASE `sample_app_test` DEFAULT CHARACTER SET `utf8`[0m
  [1m[35mSQL (0.4ms)[0m  SHOW TABLES
  [1m[36mSQL (9.7ms)[0m  [1mCREATE TABLE `posts` (`id` int(11) DEFAULT NULL auto_increment PRIMARY KEY, `name` varchar(255), `title` varchar(255), `content` text, `created_at` datetime, `updated_at` datetime) ENGINE=InnoDB[0m
  [1m[35mSQL (0.8ms)[0m  SHOW TABLES
  [1m[36mSQL (10.0ms)[0m  [1mCREATE TABLE `schema_migrations` (`version` varchar(255) NOT NULL) ENGINE=InnoDB[0m
  [1m[35mSQL (0.7ms)[0m  SHOW KEYS FROM `schema_migrations`
  [1m[36mSQL (13.0ms)[0m  [1mCREATE UNIQUE INDEX `unique_schema_migrations` ON `schema_migrations` (`version`)[0m
  [1m[35mSQL (0.5ms)[0m  SHOW TABLES
  [1m[36mSQL (0.3ms)[0m  [1mSELECT version FROM `schema_migrations`[0m
  [1m[35mSQL (0.5ms)[0m  INSERT INTO `schema_migrations` (version) VALUES ('20110411043941')


Started GET "/" for 127.0.0.1 at Sun Apr 10 21:43:52 -0700 2011
  Processing by PostsController#index as HTML
  [1m[36mPost Load (0.4ms)[0m  [1mSELECT `posts`.* FROM `posts`[0m
Rendered posts/index.html.erb within layouts/application (4.3ms)
Completed 200 OK in 48ms (Views: 12.7ms | ActiveRecord: 0.4ms)


Started GET "/posts/new" for 127.0.0.1 at Sun Apr 10 21:43:55 -0700 2011
  Processing by PostsController#new as HTML
Rendered posts/_form.html.erb (16.2ms)
Rendered posts/new.html.erb within layouts/application (22.4ms)
Completed 200 OK in 45ms (Views: 32.5ms | ActiveRecord: 0.0ms)


Started POST "/posts" for 127.0.0.1 at Sun Apr 10 21:44:09 -0700 2011
  Processing by PostsController#create as HTML
  Parameters: {"commit"=>"Create Post", "post"=>{"name"=>"Matthew", "title"=>"This is atest", "content"=>"hello world"}, "authenticity_token"=>"w/Nq+X28LPDqOluS6uRcBZo0lWUu8wYB1/CcAfA3mBI=", "utf8"=>"✓"}
  [1m[35mSQL (0.2ms)[0m  BEGIN
  [1m[36mSQL (1.8ms)[0m  [1mSHOW TABLES[0m
  [1m[35mSQL (1.2ms)[0m  describe `posts`
  [1m[36mAREL (0.9ms)[0m  [1mINSERT INTO `posts` (`title`, `content`, `created_at`, `updated_at`, `name`) VALUES ('This is atest', 'hello world', '2011-04-11 04:44:09', '2011-04-11 04:44:09', 'Matthew')[0m
  [1m[35mSQL (0.5ms)[0m  COMMIT
Redirected to http://localhost:3000/posts/1
Completed 302 Found in 35ms


Started GET "/posts/1" for 127.0.0.1 at Sun Apr 10 21:44:09 -0700 2011
  Processing by PostsController#show as HTML
  Parameters: {"id"=>"1"}
  [1m[36mPost Load (3.9ms)[0m  [1mSELECT `posts`.* FROM `posts` WHERE `posts`.`id` = 1 LIMIT 1[0m
Rendered posts/show.html.erb within layouts/application (30.5ms)
Completed 200 OK in 60ms (Views: 45.6ms | ActiveRecord: 8.4ms)
